Build started 4/2/2012 1:43:39 AM.
     1>Project "C:\Users\Joe\Documents\Visual Studio 2010\Projects\4496p3\4496p3\Project3.vcxproj" on node 2 (build target(s)).
     1>InitializeBuildStatus:
         Creating "Debug\Project3.unsuccessfulbuild" because "AlwaysCreate" was specified.
       ClCompile:
         c:\Program Files (x86)\Microsoft Visual Studio 10.0\VC\bin\CL.exe /c /I"C:\Users\Has ten Hamsters\Desktop\anim3\4496p3\Util" /I"C:\Program Files (x86)\NVIDIA Corporation\NVIDIA PhysX SDK\v2.8.3\SDKs\Foundation\include" /I"C:\Program Files (x86)\NVIDIA Corporation\NVIDIA PhysX SDK\v2.8.3\SDKs\Physics\include" /I"C:\Program Files (x86)\NVIDIA Corporation\NVIDIA PhysX SDK\v2.8.3\SDKs\PhysXLoader\include" /I"C:\Program Files (x86)\NVIDIA Corporation\NVIDIA PhysX SDK\v2.8.3\SDKs\Cooking\include" /ZI /nologo /W3 /WX- /Od /Oy- /D WIN32 /D _CONSOLE /D _DEBUG /D NX32 /D NX_USE_SDK_STAATICLIBS /D _UNICODE /D UNICODE /Gm /EHsc /RTC1 /MDd /GS /fp:precise /Zc:wchar_t /Zc:forScope /Fo"Debug\\" /Fd"Debug\vc100.pdb" /Gd /TP /analyze- /errorReport:prompt Simulator.cpp
         Simulator.cpp
     1>c:\users\joe\documents\visual studio 2010\projects\4496p3\4496p3\simulator.cpp(137): warning C4305: 'argument' : truncation from 'double' to 'NxReal'
     1>c:\users\joe\documents\visual studio 2010\projects\4496p3\4496p3\simulator.cpp(137): warning C4305: 'argument' : truncation from 'double' to 'NxReal'
     1>c:\users\joe\documents\visual studio 2010\projects\4496p3\4496p3\simulator.cpp(137): warning C4305: 'argument' : truncation from 'double' to 'NxReal'
     1>c:\users\joe\documents\visual studio 2010\projects\4496p3\4496p3\simulator.cpp(137): warning C4305: 'argument' : truncation from 'double' to 'NxReal'
     1>c:\users\joe\documents\visual studio 2010\projects\4496p3\4496p3\simulator.cpp(138): warning C4305: 'argument' : truncation from 'double' to 'NxReal'
     1>c:\users\joe\documents\visual studio 2010\projects\4496p3\4496p3\simulator.cpp(138): warning C4305: 'argument' : truncation from 'double' to 'NxReal'
     1>c:\users\joe\documents\visual studio 2010\projects\4496p3\4496p3\simulator.cpp(138): warning C4305: 'argument' : truncation from 'double' to 'NxReal'
     1>c:\users\joe\documents\visual studio 2010\projects\4496p3\4496p3\simulator.cpp(138): warning C4305: 'argument' : truncation from 'double' to 'NxReal'
     1>c:\users\joe\documents\visual studio 2010\projects\4496p3\4496p3\simulator.cpp(138): warning C4305: 'argument' : truncation from 'double' to 'const NxReal'
     1>c:\users\joe\documents\visual studio 2010\projects\4496p3\4496p3\simulator.cpp(139): warning C4305: 'argument' : truncation from 'double' to 'NxReal'
     1>c:\users\joe\documents\visual studio 2010\projects\4496p3\4496p3\simulator.cpp(139): warning C4305: 'argument' : truncation from 'double' to 'NxReal'
     1>c:\users\joe\documents\visual studio 2010\projects\4496p3\4496p3\simulator.cpp(139): warning C4305: 'argument' : truncation from 'double' to 'NxReal'
     1>c:\users\joe\documents\visual studio 2010\projects\4496p3\4496p3\simulator.cpp(139): warning C4305: 'argument' : truncation from 'double' to 'NxReal'
     1>c:\users\joe\documents\visual studio 2010\projects\4496p3\4496p3\simulator.cpp(139): warning C4305: 'argument' : truncation from 'double' to 'const NxReal'
     1>c:\users\joe\documents\visual studio 2010\projects\4496p3\4496p3\simulator.cpp(140): warning C4305: 'argument' : truncation from 'double' to 'NxReal'
     1>c:\users\joe\documents\visual studio 2010\projects\4496p3\4496p3\simulator.cpp(140): warning C4305: 'argument' : truncation from 'double' to 'NxReal'
     1>c:\users\joe\documents\visual studio 2010\projects\4496p3\4496p3\simulator.cpp(140): warning C4305: 'argument' : truncation from 'double' to 'NxReal'
     1>c:\users\joe\documents\visual studio 2010\projects\4496p3\4496p3\simulator.cpp(140): warning C4305: 'argument' : truncation from 'double' to 'NxReal'
     1>c:\users\joe\documents\visual studio 2010\projects\4496p3\4496p3\simulator.cpp(140): warning C4305: 'argument' : truncation from 'double' to 'const NxReal'
     1>c:\users\joe\documents\visual studio 2010\projects\4496p3\4496p3\simulator.cpp(143): warning C4305: 'argument' : truncation from 'double' to 'NxReal'
     1>c:\users\joe\documents\visual studio 2010\projects\4496p3\4496p3\simulator.cpp(143): warning C4305: 'argument' : truncation from 'double' to 'NxReal'
     1>c:\users\joe\documents\visual studio 2010\projects\4496p3\4496p3\simulator.cpp(143): warning C4305: 'argument' : truncation from 'double' to 'NxReal'
     1>c:\users\joe\documents\visual studio 2010\projects\4496p3\4496p3\simulator.cpp(143): warning C4305: 'argument' : truncation from 'double' to 'const NxReal'
     1>c:\users\joe\documents\visual studio 2010\projects\4496p3\4496p3\simulator.cpp(144): warning C4305: 'argument' : truncation from 'double' to 'NxReal'
     1>c:\users\joe\documents\visual studio 2010\projects\4496p3\4496p3\simulator.cpp(144): warning C4305: 'argument' : truncation from 'double' to 'NxReal'
     1>c:\users\joe\documents\visual studio 2010\projects\4496p3\4496p3\simulator.cpp(144): warning C4305: 'argument' : truncation from 'double' to 'NxReal'
     1>c:\users\joe\documents\visual studio 2010\projects\4496p3\4496p3\simulator.cpp(144): warning C4305: 'argument' : truncation from 'double' to 'NxReal'
     1>c:\users\joe\documents\visual studio 2010\projects\4496p3\4496p3\simulator.cpp(144): warning C4305: 'argument' : truncation from 'double' to 'const NxReal'
     1>c:\users\joe\documents\visual studio 2010\projects\4496p3\4496p3\simulator.cpp(145): warning C4305: 'argument' : truncation from 'double' to 'NxReal'
     1>c:\users\joe\documents\visual studio 2010\projects\4496p3\4496p3\simulator.cpp(145): warning C4305: 'argument' : truncation from 'double' to 'NxReal'
     1>c:\users\joe\documents\visual studio 2010\projects\4496p3\4496p3\simulator.cpp(145): warning C4305: 'argument' : truncation from 'double' to 'NxReal'
     1>c:\users\joe\documents\visual studio 2010\projects\4496p3\4496p3\simulator.cpp(145): warning C4305: 'argument' : truncation from 'double' to 'NxReal'
     1>c:\users\joe\documents\visual studio 2010\projects\4496p3\4496p3\simulator.cpp(145): warning C4305: 'argument' : truncation from 'double' to 'const NxReal'
     1>c:\users\joe\documents\visual studio 2010\projects\4496p3\4496p3\simulator.cpp(146): warning C4305: 'argument' : truncation from 'double' to 'NxReal'
     1>c:\users\joe\documents\visual studio 2010\projects\4496p3\4496p3\simulator.cpp(146): warning C4305: 'argument' : truncation from 'double' to 'NxReal'
     1>c:\users\joe\documents\visual studio 2010\projects\4496p3\4496p3\simulator.cpp(146): warning C4305: 'argument' : truncation from 'double' to 'NxReal'
     1>c:\users\joe\documents\visual studio 2010\projects\4496p3\4496p3\simulator.cpp(146): warning C4305: 'argument' : truncation from 'double' to 'NxReal'
     1>c:\users\joe\documents\visual studio 2010\projects\4496p3\4496p3\simulator.cpp(146): warning C4305: 'argument' : truncation from 'double' to 'const NxReal'
     1>c:\users\joe\documents\visual studio 2010\projects\4496p3\4496p3\simulator.cpp(149): warning C4305: 'argument' : truncation from 'double' to 'NxReal'
     1>c:\users\joe\documents\visual studio 2010\projects\4496p3\4496p3\simulator.cpp(149): warning C4305: 'argument' : truncation from 'double' to 'NxReal'
     1>c:\users\joe\documents\visual studio 2010\projects\4496p3\4496p3\simulator.cpp(149): warning C4305: 'argument' : truncation from 'double' to 'NxReal'
     1>c:\users\joe\documents\visual studio 2010\projects\4496p3\4496p3\simulator.cpp(149): warning C4305: 'argument' : truncation from 'double' to 'const NxReal'
     1>c:\users\joe\documents\visual studio 2010\projects\4496p3\4496p3\simulator.cpp(150): warning C4305: 'argument' : truncation from 'double' to 'NxReal'
     1>c:\users\joe\documents\visual studio 2010\projects\4496p3\4496p3\simulator.cpp(150): warning C4305: 'argument' : truncation from 'double' to 'NxReal'
     1>c:\users\joe\documents\visual studio 2010\projects\4496p3\4496p3\simulator.cpp(150): warning C4305: 'argument' : truncation from 'double' to 'NxReal'
     1>c:\users\joe\documents\visual studio 2010\projects\4496p3\4496p3\simulator.cpp(150): warning C4305: 'argument' : truncation from 'double' to 'NxReal'
     1>c:\users\joe\documents\visual studio 2010\projects\4496p3\4496p3\simulator.cpp(150): warning C4305: 'argument' : truncation from 'double' to 'const NxReal'
     1>c:\users\joe\documents\visual studio 2010\projects\4496p3\4496p3\simulator.cpp(151): warning C4305: 'argument' : truncation from 'double' to 'NxReal'
     1>c:\users\joe\documents\visual studio 2010\projects\4496p3\4496p3\simulator.cpp(151): warning C4305: 'argument' : truncation from 'double' to 'NxReal'
     1>c:\users\joe\documents\visual studio 2010\projects\4496p3\4496p3\simulator.cpp(151): warning C4305: 'argument' : truncation from 'double' to 'NxReal'
     1>c:\users\joe\documents\visual studio 2010\projects\4496p3\4496p3\simulator.cpp(151): warning C4305: 'argument' : truncation from 'double' to 'NxReal'
     1>c:\users\joe\documents\visual studio 2010\projects\4496p3\4496p3\simulator.cpp(151): warning C4305: 'argument' : truncation from 'double' to 'const NxReal'
     1>c:\users\joe\documents\visual studio 2010\projects\4496p3\4496p3\simulator.cpp(154): warning C4305: 'argument' : truncation from 'double' to 'NxReal'
     1>c:\users\joe\documents\visual studio 2010\projects\4496p3\4496p3\simulator.cpp(154): warning C4305: 'argument' : truncation from 'double' to 'NxReal'
     1>c:\users\joe\documents\visual studio 2010\projects\4496p3\4496p3\simulator.cpp(154): warning C4305: 'argument' : truncation from 'double' to 'NxReal'
     1>c:\users\joe\documents\visual studio 2010\projects\4496p3\4496p3\simulator.cpp(154): warning C4305: 'argument' : truncation from 'double' to 'const NxReal'
     1>c:\users\joe\documents\visual studio 2010\projects\4496p3\4496p3\simulator.cpp(155): warning C4305: 'argument' : truncation from 'double' to 'NxReal'
     1>c:\users\joe\documents\visual studio 2010\projects\4496p3\4496p3\simulator.cpp(155): warning C4305: 'argument' : truncation from 'double' to 'NxReal'
     1>c:\users\joe\documents\visual studio 2010\projects\4496p3\4496p3\simulator.cpp(155): warning C4305: 'argument' : truncation from 'double' to 'NxReal'
     1>c:\users\joe\documents\visual studio 2010\projects\4496p3\4496p3\simulator.cpp(155): warning C4305: 'argument' : truncation from 'double' to 'NxReal'
     1>c:\users\joe\documents\visual studio 2010\projects\4496p3\4496p3\simulator.cpp(155): warning C4305: 'argument' : truncation from 'double' to 'const NxReal'
     1>c:\users\joe\documents\visual studio 2010\projects\4496p3\4496p3\simulator.cpp(156): warning C4305: 'argument' : truncation from 'double' to 'NxReal'
     1>c:\users\joe\documents\visual studio 2010\projects\4496p3\4496p3\simulator.cpp(156): warning C4305: 'argument' : truncation from 'double' to 'NxReal'
     1>c:\users\joe\documents\visual studio 2010\projects\4496p3\4496p3\simulator.cpp(156): warning C4305: 'argument' : truncation from 'double' to 'NxReal'
     1>c:\users\joe\documents\visual studio 2010\projects\4496p3\4496p3\simulator.cpp(156): warning C4305: 'argument' : truncation from 'double' to 'NxReal'
     1>c:\users\joe\documents\visual studio 2010\projects\4496p3\4496p3\simulator.cpp(156): warning C4305: 'argument' : truncation from 'double' to 'const NxReal'
     1>c:\users\joe\documents\visual studio 2010\projects\4496p3\4496p3\simulator.cpp(157): warning C4305: 'argument' : truncation from 'double' to 'NxReal'
     1>c:\users\joe\documents\visual studio 2010\projects\4496p3\4496p3\simulator.cpp(157): warning C4305: 'argument' : truncation from 'double' to 'NxReal'
     1>c:\users\joe\documents\visual studio 2010\projects\4496p3\4496p3\simulator.cpp(157): warning C4305: 'argument' : truncation from 'double' to 'NxReal'
     1>c:\users\joe\documents\visual studio 2010\projects\4496p3\4496p3\simulator.cpp(157): warning C4305: 'argument' : truncation from 'double' to 'NxReal'
     1>c:\users\joe\documents\visual studio 2010\projects\4496p3\4496p3\simulator.cpp(157): warning C4305: 'argument' : truncation from 'double' to 'const NxReal'
     1>c:\users\joe\documents\visual studio 2010\projects\4496p3\4496p3\simulator.cpp(160): warning C4305: 'argument' : truncation from 'double' to 'NxReal'
     1>c:\users\joe\documents\visual studio 2010\projects\4496p3\4496p3\simulator.cpp(160): warning C4305: 'argument' : truncation from 'double' to 'NxReal'
     1>c:\users\joe\documents\visual studio 2010\projects\4496p3\4496p3\simulator.cpp(160): warning C4305: 'argument' : truncation from 'double' to 'NxReal'
     1>c:\users\joe\documents\visual studio 2010\projects\4496p3\4496p3\simulator.cpp(160): warning C4305: 'argument' : truncation from 'double' to 'NxReal'
     1>c:\users\joe\documents\visual studio 2010\projects\4496p3\4496p3\simulator.cpp(163): warning C4305: 'argument' : truncation from 'double' to 'NxReal'
     1>c:\users\joe\documents\visual studio 2010\projects\4496p3\4496p3\simulator.cpp(163): warning C4305: 'argument' : truncation from 'double' to 'NxReal'
     1>c:\users\joe\documents\visual studio 2010\projects\4496p3\4496p3\simulator.cpp(163): warning C4305: 'argument' : truncation from 'double' to 'NxReal'
     1>c:\users\joe\documents\visual studio 2010\projects\4496p3\4496p3\simulator.cpp(163): warning C4305: 'argument' : truncation from 'double' to 'NxReal'
     1>c:\users\joe\documents\visual studio 2010\projects\4496p3\4496p3\simulator.cpp(164): warning C4305: 'argument' : truncation from 'double' to 'NxReal'
     1>c:\users\joe\documents\visual studio 2010\projects\4496p3\4496p3\simulator.cpp(164): warning C4305: 'argument' : truncation from 'double' to 'NxReal'
     1>c:\users\joe\documents\visual studio 2010\projects\4496p3\4496p3\simulator.cpp(164): warning C4305: 'argument' : truncation from 'double' to 'NxReal'
     1>c:\users\joe\documents\visual studio 2010\projects\4496p3\4496p3\simulator.cpp(164): warning C4305: 'argument' : truncation from 'double' to 'const NxReal'
     1>c:\users\joe\documents\visual studio 2010\projects\4496p3\4496p3\simulator.cpp(165): warning C4305: 'argument' : truncation from 'double' to 'NxReal'
     1>c:\users\joe\documents\visual studio 2010\projects\4496p3\4496p3\simulator.cpp(165): warning C4305: 'argument' : truncation from 'double' to 'NxReal'
     1>c:\users\joe\documents\visual studio 2010\projects\4496p3\4496p3\simulator.cpp(165): warning C4305: 'argument' : truncation from 'double' to 'NxReal'
     1>c:\users\joe\documents\visual studio 2010\projects\4496p3\4496p3\simulator.cpp(165): warning C4305: 'argument' : truncation from 'double' to 'NxReal'
     1>c:\users\joe\documents\visual studio 2010\projects\4496p3\4496p3\simulator.cpp(165): warning C4305: 'argument' : truncation from 'double' to 'const NxReal'
     1>c:\users\joe\documents\visual studio 2010\projects\4496p3\4496p3\simulator.cpp(200): warning C4305: 'argument' : truncation from 'double' to 'NxReal'
     1>c:\users\joe\documents\visual studio 2010\projects\4496p3\4496p3\simulator.cpp(223): warning C4305: 'argument' : truncation from 'double' to 'NxReal'
     1>c:\users\joe\documents\visual studio 2010\projects\4496p3\4496p3\simulator.cpp(223): warning C4305: 'argument' : truncation from 'double' to 'NxReal'
     1>c:\users\joe\documents\visual studio 2010\projects\4496p3\4496p3\simulator.cpp(223): warning C4305: 'argument' : truncation from 'double' to 'NxReal'
     1>c:\users\joe\documents\visual studio 2010\projects\4496p3\4496p3\simulator.cpp(224): warning C4305: 'argument' : truncation from 'double' to 'NxReal'
     1>c:\users\joe\documents\visual studio 2010\projects\4496p3\4496p3\simulator.cpp(224): warning C4305: 'argument' : truncation from 'double' to 'NxReal'
     1>c:\users\joe\documents\visual studio 2010\projects\4496p3\4496p3\simulator.cpp(224): warning C4305: 'argument' : truncation from 'double' to 'NxReal'
     1>c:\users\joe\documents\visual studio 2010\projects\4496p3\4496p3\simulator.cpp(239): warning C4305: 'argument' : truncation from 'double' to 'NxReal'
     1>c:\users\joe\documents\visual studio 2010\projects\4496p3\4496p3\simulator.cpp(239): warning C4305: 'argument' : truncation from 'double' to 'const NxReal'
     1>c:\users\joe\documents\visual studio 2010\projects\4496p3\4496p3\simulator.cpp(240): warning C4305: 'argument' : truncation from 'double' to 'NxReal'
     1>c:\users\joe\documents\visual studio 2010\projects\4496p3\4496p3\simulator.cpp(240): warning C4305: 'argument' : truncation from 'double' to 'const NxReal'
     1>c:\users\joe\documents\visual studio 2010\projects\4496p3\4496p3\simulator.cpp(241): warning C4305: 'argument' : truncation from 'double' to 'NxReal'
     1>c:\users\joe\documents\visual studio 2010\projects\4496p3\4496p3\simulator.cpp(241): warning C4305: 'argument' : truncation from 'double' to 'const NxReal'
     1>c:\users\joe\documents\visual studio 2010\projects\4496p3\4496p3\simulator.cpp(243): warning C4305: 'argument' : truncation from 'double' to 'const NxReal'
     1>c:\users\joe\documents\visual studio 2010\projects\4496p3\4496p3\simulator.cpp(264): warning C4305: 'argument' : truncation from 'double' to 'NxReal'
     1>c:\users\joe\documents\visual studio 2010\projects\4496p3\4496p3\simulator.cpp(265): warning C4305: 'argument' : truncation from 'double' to 'NxReal'
     1>c:\users\joe\documents\visual studio 2010\projects\4496p3\4496p3\simulator.cpp(265): warning C4305: 'argument' : truncation from 'double' to 'NxReal'
     1>c:\users\joe\documents\visual studio 2010\projects\4496p3\4496p3\simulator.cpp(266): warning C4305: 'argument' : truncation from 'double' to 'NxReal'
     1>c:\users\joe\documents\visual studio 2010\projects\4496p3\4496p3\simulator.cpp(266): warning C4305: 'argument' : truncation from 'double' to 'NxReal'
     1>c:\users\joe\documents\visual studio 2010\projects\4496p3\4496p3\simulator.cpp(266): warning C4305: 'argument' : truncation from 'double' to 'const NxReal'
     1>c:\users\joe\documents\visual studio 2010\projects\4496p3\4496p3\simulator.cpp(267): warning C4305: 'argument' : truncation from 'double' to 'NxReal'
     1>c:\users\joe\documents\visual studio 2010\projects\4496p3\4496p3\simulator.cpp(267): warning C4305: 'argument' : truncation from 'double' to 'NxReal'
     1>c:\users\joe\documents\visual studio 2010\projects\4496p3\4496p3\simulator.cpp(267): warning C4305: 'argument' : truncation from 'double' to 'const NxReal'
     1>c:\users\joe\documents\visual studio 2010\projects\4496p3\4496p3\simulator.cpp(268): warning C4305: 'argument' : truncation from 'double' to 'NxReal'
     1>c:\users\joe\documents\visual studio 2010\projects\4496p3\4496p3\simulator.cpp(268): warning C4305: 'argument' : truncation from 'double' to 'NxReal'
     1>c:\users\joe\documents\visual studio 2010\projects\4496p3\4496p3\simulator.cpp(268): warning C4305: 'argument' : truncation from 'double' to 'const NxReal'
     1>c:\users\joe\documents\visual studio 2010\projects\4496p3\4496p3\simulator.cpp(269): warning C4305: 'argument' : truncation from 'double' to 'NxReal'
     1>c:\users\joe\documents\visual studio 2010\projects\4496p3\4496p3\simulator.cpp(269): warning C4305: 'argument' : truncation from 'double' to 'NxReal'
     1>c:\users\joe\documents\visual studio 2010\projects\4496p3\4496p3\simulator.cpp(269): warning C4305: 'argument' : truncation from 'double' to 'const NxReal'
     1>c:\users\joe\documents\visual studio 2010\projects\4496p3\4496p3\simulator.cpp(271): warning C4305: 'argument' : truncation from 'double' to 'const NxReal'
     1>c:\users\joe\documents\visual studio 2010\projects\4496p3\4496p3\simulator.cpp(275): warning C4305: 'argument' : truncation from 'double' to 'NxReal'
     1>c:\users\joe\documents\visual studio 2010\projects\4496p3\4496p3\simulator.cpp(276): warning C4305: 'argument' : truncation from 'double' to 'NxReal'
     1>c:\users\joe\documents\visual studio 2010\projects\4496p3\4496p3\simulator.cpp(278): warning C4305: 'argument' : truncation from 'double' to 'NxReal'
     1>c:\users\joe\documents\visual studio 2010\projects\4496p3\4496p3\simulator.cpp(278): warning C4305: 'argument' : truncation from 'double' to 'const NxReal'
     1>c:\users\joe\documents\visual studio 2010\projects\4496p3\4496p3\simulator.cpp(279): warning C4305: 'argument' : truncation from 'double' to 'NxReal'
     1>c:\users\joe\documents\visual studio 2010\projects\4496p3\4496p3\simulator.cpp(279): warning C4305: 'argument' : truncation from 'double' to 'NxReal'
     1>c:\users\joe\documents\visual studio 2010\projects\4496p3\4496p3\simulator.cpp(279): warning C4305: 'argument' : truncation from 'double' to 'const NxReal'
     1>c:\users\joe\documents\visual studio 2010\projects\4496p3\4496p3\simulator.cpp(281): warning C4305: 'argument' : truncation from 'double' to 'NxReal'
     1>c:\users\joe\documents\visual studio 2010\projects\4496p3\4496p3\simulator.cpp(281): warning C4305: 'argument' : truncation from 'double' to 'NxReal'
     1>c:\users\joe\documents\visual studio 2010\projects\4496p3\4496p3\simulator.cpp(282): warning C4305: 'argument' : truncation from 'double' to 'NxReal'
     1>c:\users\joe\documents\visual studio 2010\projects\4496p3\4496p3\simulator.cpp(282): warning C4305: 'argument' : truncation from 'double' to 'NxReal'
     1>c:\users\joe\documents\visual studio 2010\projects\4496p3\4496p3\simulator.cpp(283): warning C4305: 'argument' : truncation from 'double' to 'NxReal'
     1>c:\users\joe\documents\visual studio 2010\projects\4496p3\4496p3\simulator.cpp(283): warning C4305: 'argument' : truncation from 'double' to 'NxReal'
     1>c:\users\joe\documents\visual studio 2010\projects\4496p3\4496p3\simulator.cpp(284): warning C4305: 'argument' : truncation from 'double' to 'NxReal'
     1>c:\users\joe\documents\visual studio 2010\projects\4496p3\4496p3\simulator.cpp(284): warning C4305: 'argument' : truncation from 'double' to 'NxReal'
     1>c:\users\joe\documents\visual studio 2010\projects\4496p3\4496p3\simulator.cpp(286): warning C4305: 'argument' : truncation from 'double' to 'const NxReal'
     1>c:\users\joe\documents\visual studio 2010\projects\4496p3\4496p3\simulator.cpp(290): warning C4305: 'argument' : truncation from 'double' to 'NxReal'
     1>c:\users\joe\documents\visual studio 2010\projects\4496p3\4496p3\simulator.cpp(291): warning C4305: 'argument' : truncation from 'double' to 'NxReal'
     1>c:\users\joe\documents\visual studio 2010\projects\4496p3\4496p3\simulator.cpp(292): warning C4305: 'argument' : truncation from 'double' to 'NxReal'
     1>c:\users\joe\documents\visual studio 2010\projects\4496p3\4496p3\simulator.cpp(293): warning C4305: 'argument' : truncation from 'double' to 'NxReal'
     1>c:\users\joe\documents\visual studio 2010\projects\4496p3\4496p3\simulator.cpp(295): warning C4305: 'argument' : truncation from 'double' to 'NxReal'
     1>c:\users\joe\documents\visual studio 2010\projects\4496p3\4496p3\simulator.cpp(295): warning C4305: 'argument' : truncation from 'double' to 'const NxReal'
     1>c:\users\joe\documents\visual studio 2010\projects\4496p3\4496p3\simulator.cpp(297): warning C4305: 'argument' : truncation from 'double' to 'NxReal'
     1>c:\users\joe\documents\visual studio 2010\projects\4496p3\4496p3\simulator.cpp(299): warning C4305: 'argument' : truncation from 'double' to 'NxReal'
     1>c:\users\joe\documents\visual studio 2010\projects\4496p3\4496p3\simulator.cpp(299): warning C4305: 'argument' : truncation from 'double' to 'NxReal'
     1>c:\users\joe\documents\visual studio 2010\projects\4496p3\4496p3\simulator.cpp(299): warning C4305: 'argument' : truncation from 'double' to 'const NxReal'
     1>c:\users\joe\documents\visual studio 2010\projects\4496p3\4496p3\simulator.cpp(300): warning C4305: 'argument' : truncation from 'double' to 'NxReal'
     1>c:\users\joe\documents\visual studio 2010\projects\4496p3\4496p3\simulator.cpp(300): warning C4305: 'argument' : truncation from 'double' to 'NxReal'
     1>c:\users\joe\documents\visual studio 2010\projects\4496p3\4496p3\simulator.cpp(300): warning C4305: 'argument' : truncation from 'double' to 'const NxReal'
     1>c:\users\joe\documents\visual studio 2010\projects\4496p3\4496p3\simulator.cpp(301): warning C4305: 'argument' : truncation from 'double' to 'NxReal'
     1>c:\users\joe\documents\visual studio 2010\projects\4496p3\4496p3\simulator.cpp(301): warning C4305: 'argument' : truncation from 'double' to 'NxReal'
     1>c:\users\joe\documents\visual studio 2010\projects\4496p3\4496p3\simulator.cpp(301): warning C4305: 'argument' : truncation from 'double' to 'const NxReal'
     1>c:\users\joe\documents\visual studio 2010\projects\4496p3\4496p3\simulator.cpp(302): warning C4305: 'argument' : truncation from 'double' to 'NxReal'
     1>c:\users\joe\documents\visual studio 2010\projects\4496p3\4496p3\simulator.cpp(302): warning C4305: 'argument' : truncation from 'double' to 'NxReal'
     1>c:\users\joe\documents\visual studio 2010\projects\4496p3\4496p3\simulator.cpp(302): warning C4305: 'argument' : truncation from 'double' to 'const NxReal'
     1>c:\users\joe\documents\visual studio 2010\projects\4496p3\4496p3\simulator.cpp(304): warning C4305: 'argument' : truncation from 'double' to 'const NxReal'
     1>c:\users\joe\documents\visual studio 2010\projects\4496p3\4496p3\simulator.cpp(308): warning C4305: 'argument' : truncation from 'double' to 'NxReal'
     1>c:\users\joe\documents\visual studio 2010\projects\4496p3\4496p3\simulator.cpp(309): warning C4305: 'argument' : truncation from 'double' to 'NxReal'
     1>c:\users\joe\documents\visual studio 2010\projects\4496p3\4496p3\simulator.cpp(310): warning C4305: 'argument' : truncation from 'double' to 'NxReal'
     1>c:\users\joe\documents\visual studio 2010\projects\4496p3\4496p3\simulator.cpp(311): warning C4305: 'argument' : truncation from 'double' to 'NxReal'
     1>c:\users\joe\documents\visual studio 2010\projects\4496p3\4496p3\simulator.cpp(313): warning C4305: 'argument' : truncation from 'double' to 'NxReal'
     1>c:\users\joe\documents\visual studio 2010\projects\4496p3\4496p3\simulator.cpp(313): warning C4305: 'argument' : truncation from 'double' to 'NxReal'
     1>c:\users\joe\documents\visual studio 2010\projects\4496p3\4496p3\simulator.cpp(313): warning C4305: 'argument' : truncation from 'double' to 'const NxReal'
     1>c:\users\joe\documents\visual studio 2010\projects\4496p3\4496p3\simulator.cpp(315): warning C4305: 'argument' : truncation from 'double' to 'NxReal'
     1>c:\users\joe\documents\visual studio 2010\projects\4496p3\4496p3\simulator.cpp(315): warning C4305: 'argument' : truncation from 'double' to 'NxReal'
     1>c:\users\joe\documents\visual studio 2010\projects\4496p3\4496p3\simulator.cpp(315): warning C4305: 'argument' : truncation from 'double' to 'const NxReal'
     1>c:\users\joe\documents\visual studio 2010\projects\4496p3\4496p3\simulator.cpp(316): warning C4305: 'argument' : truncation from 'double' to 'NxReal'
     1>c:\users\joe\documents\visual studio 2010\projects\4496p3\4496p3\simulator.cpp(316): warning C4305: 'argument' : truncation from 'double' to 'NxReal'
     1>c:\users\joe\documents\visual studio 2010\projects\4496p3\4496p3\simulator.cpp(316): warning C4305: 'argument' : truncation from 'double' to 'const NxReal'
     1>c:\users\joe\documents\visual studio 2010\projects\4496p3\4496p3\simulator.cpp(317): warning C4305: 'argument' : truncation from 'double' to 'NxReal'
     1>c:\users\joe\documents\visual studio 2010\projects\4496p3\4496p3\simulator.cpp(317): warning C4305: 'argument' : truncation from 'double' to 'NxReal'
     1>c:\users\joe\documents\visual studio 2010\projects\4496p3\4496p3\simulator.cpp(317): warning C4305: 'argument' : truncation from 'double' to 'const NxReal'
     1>c:\users\joe\documents\visual studio 2010\projects\4496p3\4496p3\simulator.cpp(318): warning C4305: 'argument' : truncation from 'double' to 'NxReal'
     1>c:\users\joe\documents\visual studio 2010\projects\4496p3\4496p3\simulator.cpp(318): warning C4305: 'argument' : truncation from 'double' to 'NxReal'
     1>c:\users\joe\documents\visual studio 2010\projects\4496p3\4496p3\simulator.cpp(318): warning C4305: 'argument' : truncation from 'double' to 'const NxReal'
     1>c:\users\joe\documents\visual studio 2010\projects\4496p3\4496p3\simulator.cpp(320): warning C4305: 'argument' : truncation from 'double' to 'const NxReal'
     1>c:\users\joe\documents\visual studio 2010\projects\4496p3\4496p3\simulator.cpp(324): warning C4305: 'argument' : truncation from 'double' to 'NxReal'
     1>c:\users\joe\documents\visual studio 2010\projects\4496p3\4496p3\simulator.cpp(325): warning C4305: 'argument' : truncation from 'double' to 'NxReal'
     1>c:\users\joe\documents\visual studio 2010\projects\4496p3\4496p3\simulator.cpp(326): warning C4305: 'argument' : truncation from 'double' to 'NxReal'
     1>c:\users\joe\documents\visual studio 2010\projects\4496p3\4496p3\simulator.cpp(327): warning C4305: 'argument' : truncation from 'double' to 'NxReal'
     1>c:\users\joe\documents\visual studio 2010\projects\4496p3\4496p3\simulator.cpp(329): warning C4305: 'argument' : truncation from 'double' to 'NxReal'
     1>c:\users\joe\documents\visual studio 2010\projects\4496p3\4496p3\simulator.cpp(329): warning C4305: 'argument' : truncation from 'double' to 'NxReal'
     1>c:\users\joe\documents\visual studio 2010\projects\4496p3\4496p3\simulator.cpp(329): warning C4305: 'argument' : truncation from 'double' to 'const NxReal'
     1>c:\users\joe\documents\visual studio 2010\projects\4496p3\4496p3\simulator.cpp(331): warning C4305: 'argument' : truncation from 'double' to 'NxReal'
     1>c:\users\joe\documents\visual studio 2010\projects\4496p3\4496p3\simulator.cpp(332): warning C4305: 'argument' : truncation from 'double' to 'NxReal'
     1>c:\users\joe\documents\visual studio 2010\projects\4496p3\4496p3\simulator.cpp(333): warning C4305: 'argument' : truncation from 'double' to 'NxReal'
     1>c:\users\joe\documents\visual studio 2010\projects\4496p3\4496p3\simulator.cpp(334): warning C4305: 'argument' : truncation from 'double' to 'NxReal'
     1>c:\users\joe\documents\visual studio 2010\projects\4496p3\4496p3\simulator.cpp(336): warning C4305: 'argument' : truncation from 'double' to 'NxReal'
     1>c:\users\joe\documents\visual studio 2010\projects\4496p3\4496p3\simulator.cpp(336): warning C4305: 'argument' : truncation from 'double' to 'const NxReal'
     1>c:\users\joe\documents\visual studio 2010\projects\4496p3\4496p3\simulator.cpp(338): warning C4305: 'argument' : truncation from 'double' to 'NxReal'
     1>c:\users\joe\documents\visual studio 2010\projects\4496p3\4496p3\simulator.cpp(338): warning C4305: 'argument' : truncation from 'double' to 'NxReal'
     1>c:\users\joe\documents\visual studio 2010\projects\4496p3\4496p3\simulator.cpp(338): warning C4305: 'argument' : truncation from 'double' to 'NxReal'
     1>c:\users\joe\documents\visual studio 2010\projects\4496p3\4496p3\simulator.cpp(338): warning C4305: 'argument' : truncation from 'double' to 'NxReal'
     1>c:\users\joe\documents\visual studio 2010\projects\4496p3\4496p3\simulator.cpp(338): warning C4305: 'argument' : truncation from 'double' to 'NxReal'
     1>c:\users\joe\documents\visual studio 2010\projects\4496p3\4496p3\simulator.cpp(339): warning C4305: 'argument' : truncation from 'double' to 'NxReal'
     1>c:\users\joe\documents\visual studio 2010\projects\4496p3\4496p3\simulator.cpp(339): warning C4305: 'argument' : truncation from 'double' to 'NxReal'
     1>c:\users\joe\documents\visual studio 2010\projects\4496p3\4496p3\simulator.cpp(339): warning C4305: 'argument' : truncation from 'double' to 'NxReal'
     1>c:\users\joe\documents\visual studio 2010\projects\4496p3\4496p3\simulator.cpp(339): warning C4305: 'argument' : truncation from 'double' to 'NxReal'
     1>c:\users\joe\documents\visual studio 2010\projects\4496p3\4496p3\simulator.cpp(339): warning C4305: 'argument' : truncation from 'double' to 'NxReal'
     1>c:\users\joe\documents\visual studio 2010\projects\4496p3\4496p3\simulator.cpp(340): warning C4305: 'argument' : truncation from 'double' to 'NxReal'
     1>c:\users\joe\documents\visual studio 2010\projects\4496p3\4496p3\simulator.cpp(340): warning C4305: 'argument' : truncation from 'double' to 'NxReal'
     1>c:\users\joe\documents\visual studio 2010\projects\4496p3\4496p3\simulator.cpp(340): warning C4305: 'argument' : truncation from 'double' to 'NxReal'
     1>c:\users\joe\documents\visual studio 2010\projects\4496p3\4496p3\simulator.cpp(340): warning C4305: 'argument' : truncation from 'double' to 'NxReal'
     1>c:\users\joe\documents\visual studio 2010\projects\4496p3\4496p3\simulator.cpp(340): warning C4305: 'argument' : truncation from 'double' to 'NxReal'
     1>c:\users\joe\documents\visual studio 2010\projects\4496p3\4496p3\simulator.cpp(341): warning C4305: 'argument' : truncation from 'double' to 'NxReal'
     1>c:\users\joe\documents\visual studio 2010\projects\4496p3\4496p3\simulator.cpp(341): warning C4305: 'argument' : truncation from 'double' to 'NxReal'
     1>c:\users\joe\documents\visual studio 2010\projects\4496p3\4496p3\simulator.cpp(341): warning C4305: 'argument' : truncation from 'double' to 'NxReal'
     1>c:\users\joe\documents\visual studio 2010\projects\4496p3\4496p3\simulator.cpp(341): warning C4305: 'argument' : truncation from 'double' to 'NxReal'
     1>c:\users\joe\documents\visual studio 2010\projects\4496p3\4496p3\simulator.cpp(341): warning C4305: 'argument' : truncation from 'double' to 'NxReal'
     1>c:\users\joe\documents\visual studio 2010\projects\4496p3\4496p3\simulator.cpp(342): warning C4305: 'argument' : truncation from 'double' to 'NxReal'
     1>c:\users\joe\documents\visual studio 2010\projects\4496p3\4496p3\simulator.cpp(342): warning C4305: 'argument' : truncation from 'double' to 'NxReal'
     1>c:\users\joe\documents\visual studio 2010\projects\4496p3\4496p3\simulator.cpp(342): warning C4305: 'argument' : truncation from 'double' to 'NxReal'
     1>c:\users\joe\documents\visual studio 2010\projects\4496p3\4496p3\simulator.cpp(342): warning C4305: 'argument' : truncation from 'double' to 'NxReal'
     1>c:\users\joe\documents\visual studio 2010\projects\4496p3\4496p3\simulator.cpp(342): warning C4305: 'argument' : truncation from 'double' to 'NxReal'
     1>c:\users\joe\documents\visual studio 2010\projects\4496p3\4496p3\simulator.cpp(343): warning C4305: 'argument' : truncation from 'double' to 'NxReal'
     1>c:\users\joe\documents\visual studio 2010\projects\4496p3\4496p3\simulator.cpp(343): warning C4305: 'argument' : truncation from 'double' to 'NxReal'
     1>c:\users\joe\documents\visual studio 2010\projects\4496p3\4496p3\simulator.cpp(343): warning C4305: 'argument' : truncation from 'double' to 'NxReal'
     1>c:\users\joe\documents\visual studio 2010\projects\4496p3\4496p3\simulator.cpp(343): warning C4305: 'argument' : truncation from 'double' to 'NxReal'
     1>c:\users\joe\documents\visual studio 2010\projects\4496p3\4496p3\simulator.cpp(343): warning C4305: 'argument' : truncation from 'double' to 'NxReal'
     1>c:\users\joe\documents\visual studio 2010\projects\4496p3\4496p3\simulator.cpp(345): warning C4305: 'argument' : truncation from 'double' to 'const NxReal'
     1>c:\users\joe\documents\visual studio 2010\projects\4496p3\4496p3\simulator.cpp(396): warning C4305: 'argument' : truncation from 'double' to 'const NxReal'
     1>c:\users\joe\documents\visual studio 2010\projects\4496p3\4496p3\simulator.cpp(424): warning C4244: 'argument' : conversion from 'double' to 'NxReal', possible loss of data
     1>c:\users\joe\documents\visual studio 2010\projects\4496p3\4496p3\simulator.cpp(424): warning C4244: 'argument' : conversion from 'double' to 'NxReal', possible loss of data
       ManifestResourceCompile:
         All outputs are up-to-date.
       Link:
         c:\Program Files (x86)\Microsoft Visual Studio 10.0\VC\bin\link.exe /ERRORREPORT:PROMPT /OUT:"C:\Users\Joe\Documents\Visual Studio 2010\Projects\4496p3\4496p3\Debug\Project3.exe" /INCREMENTAL /NOLOGO /LIBPATH:"C:\Program Files (x86)\NVIDIA Corporation\NVIDIA PhysX SDK\v2.8.3\SDKs\lib\Win32" PhysXLoader.lib PhysXLoaderCHECKED.lib NxCharacter.lib NxCharacterCHECKED.lib PhysXCooking.lib PhysXCookingCHECKED.lib PhysXCore.lib kernel32.lib user32.lib gdi32.lib winspool.lib comdlg32.lib advapi32.lib shell32.lib ole32.lib oleaut32.lib uuid.lib odbc32.lib odbccp32.lib /MANIFEST /ManifestFile:"Debug\Project3.exe.intermediate.manifest" /MANIFESTUAC:"level='asInvoker' uiAccess='false'" /DEBUG /PDB:"C:\Users\Joe\Documents\Visual Studio 2010\Projects\4496p3\4496p3\Debug\Project3.pdb" /SUBSYSTEM:CONSOLE /TLBID:1 /DYNAMICBASE /NXCOMPAT /IMPLIB:"C:\Users\Joe\Documents\Visual Studio 2010\Projects\4496p3\4496p3\Debug\Project3.lib" /MACHINE:X86 Debug\Project3.exe.embed.manifest.res
         Debug\Actors.obj
         Debug\DrawObjects.obj
         Debug\main.obj
         Debug\Simulator.obj
         Debug\cooking.obj
         Debug\Stream.obj
         Debug\Timing_WIN.obj
         Debug\UserAllocator.obj
       Manifest:
         C:\Program Files (x86)\Microsoft SDKs\Windows\v7.0A\bin\mt.exe /nologo /verbose /out:"Debug\Project3.exe.embed.manifest" /manifest Debug\Project3.exe.intermediate.manifest
         All outputs are up-to-date.
       LinkEmbedManifest:
         All outputs are up-to-date.
         Project3.vcxproj -> C:\Users\Joe\Documents\Visual Studio 2010\Projects\4496p3\4496p3\Debug\Project3.exe
       FinalizeBuildStatus:
         Deleting file "Debug\Project3.unsuccessfulbuild".
         Touching "Debug\Project3.lastbuildstate".
     1>Done Building Project "C:\Users\Joe\Documents\Visual Studio 2010\Projects\4496p3\4496p3\Project3.vcxproj" (build target(s)).

Build succeeded.

Time Elapsed 00:00:04.51
